<?xml version="1.0" encoding="UTF-8"?>
<!-- Generated by org.testng.reporters.JUnitXMLReporter -->
<testsuite hostname="Ravi" name="Test1" tests="3" failures="0" timestamp="17 Mar 2019 04:35:54 GMT" time="0.047" errors="0">
  <testcase name="@BeforeMethod functiontoreport" time="0.0" classname="com.pagelibrary.com.ranford.TestExecution">
    <failure type="java.lang.NullPointerException">
      <![CDATA[java.lang.NullPointerException
	at com.pagelibrary.com.ranford.Repository.functiontoreport(Repository.java:37)
... Removed 26 stack frames]]>
    </failure>
  </testcase> <!-- @BeforeMethod functiontoreport -->
  <testcase name="@BeforeMethod functiontoreport" time="0.0" classname="com.pagelibrary.com.ranford.TestExecution">
    <skipped/>
  </testcase> <!-- @BeforeMethod functiontoreport -->
  <testcase name="@BeforeMethod functiontoreport" time="0.0" classname="com.pagelibrary.com.ranford.TestExecution">
    <skipped/>
  </testcase> <!-- @BeforeMethod functiontoreport -->
  <testcase name="verify_lauch" time="0.0" classname="com.pagelibrary.com.ranford.TestExecution">
    <skipped/>
  </testcase> <!-- verify_lauch -->
  <testcase name="verify_login" time="0.016" classname="com.pagelibrary.com.ranford.TestExecution">
    <skipped/>
  </testcase> <!-- verify_login -->
  <testcase name="verify_newbranch" time="0.0" classname="com.pagelibrary.com.ranford.TestExecution">
    <skipped/>
  </testcase> <!-- verify_newbranch -->
</testsuite> <!-- Test1 -->
